<?xml version="1.0" encoding="UTF-8"?>
<testsuite xmlns:xsi="http://www.w3.org/2001/XMLSchema-instance" xsi:noNamespaceSchemaLocation="https://maven.apache.org/surefire/maven-surefire-plugin/xsd/surefire-test-report.xsd" version="3.0.2" name="com.trycatch.check_balance.CheckBalanceApplicationTests" time="0.939" tests="1" errors="0" skipped="0" failures="0">
  <properties>
[...]
</properties>
  <testcase name="contextLoads" classname="com.trycatch.check_balance.CheckBalanceApplicationTests" time="0.316">
    <system-out><![CDATA[15:40:53.615 [main] INFO org.springframework.test.context.support.AnnotationConfigContextLoaderUtils -- Could not detect default configuration classes for test class [com.trycatch.check_balance.CheckBalanceApplicationTests]: CheckBalanceApplicationTests does not declare any static, non-private, non-final, nested classes annotated with @Configuration.
15:40:53.658 [main] INFO org.springframework.boot.test.context.SpringBootTestContextBootstrapper -- Found @SpringBootConfiguration com.trycatch.check_balance.CheckBalanceApplication for test class com.trycatch.check_balance.CheckBalanceApplicationTests

  .   ____          _            __ _ _
 /\\ / ___'_ __ _ _(_)_ __  __ _ \ \ \ \
( ( )\___ | '_ | '_| | '_ \/ _` | \ \ \ \
 \\/  ___)| |_)| | | | | || (_| |  ) ) ) )
  '  |____| .__|_| |_|_| |_\__, | / / / /
 =========|_|==============|___/=/_/_/_/

 :: Spring Boot ::                (v3.4.4)

2025-04-16T15:40:53.809+05:30  INFO 93893 --- [check-balance] [           main] c.t.c.CheckBalanceApplicationTests       : Starting CheckBalanceApplicationTests using Java 17.0.12 with PID 93893 (started by akashkamble in /Users/akashkamble/Documents/Work/DevOpsFebBatch/real-time-project/check-balance)
2025-04-16T15:40:53.809+05:30  INFO 93893 --- [check-balance] [           main] c.t.c.CheckBalanceApplicationTests       : No active profile set, falling back to 1 default profile: "default"
2025-04-16T15:40:54.178+05:30  INFO 93893 --- [check-balance] [           main] c.t.c.CheckBalanceApplicationTests       : Started CheckBalanceApplicationTests in 0.467 seconds (process running for 0.816)
]]></system-out>
  </testcase>
</testsuite>